#
# There is insufficient memory for the Java Runtime Environment to continue.
# Native memory allocation (mmap) failed to map 264241152 bytes for Failed to commit area from 0x00000006c5e00000 to 0x00000006d5a00000 of length 264241152.
# Possible reasons:
#   The system is out of physical RAM or swap space
#   The process is running with CompressedOops enabled, and the Java Heap may be blocking the growth of the native heap
# Possible solutions:
#   Reduce memory load on the system
#   Increase physical memory or swap space
#   Check if swap backing store is full
#   Decrease Java heap size (-Xmx/-Xms)
#   Decrease number of Java threads
#   Decrease Java thread stack sizes (-Xss)
#   Set larger code cache with -XX:ReservedCodeCacheSize=
# This output file may be truncated or incomplete.
#
#  Out of Memory Error (t:/workspace/hotspot/src/os/windows/vm/os_windows.cpp:3357), pid=10012, tid=11784
#
# JRE version:  (9.0+11) (build )
# Java VM: Java HotSpot(TM) 64-Bit Server VM (9.0.1+11, mixed mode, tiered, compressed oops, g1 gc, windows-amd64)
# No core dump will be written. Minidumps are not enabled by default on client versions of Windows
#

---------------  S U M M A R Y ------------

Command Line: -Dfile.encoding=UTF-8 Main

Host: Intel(R) Core(TM) i7-8550U CPU @ 1.80GHz, 8 cores, 15G,  Windows 10 , 64 bit Build 17763 (10.0.17763.475)
Time: Fri Feb 28 21:27:01 2020 RTZ 2 (ceia) elapsed time: 0 seconds (0d 0h 0m 0s)

---------------  T H R E A D  ---------------

Current thread (0x000001f019833800):  JavaThread "Unknown thread" [_thread_in_vm, id=11784, stack(0x0000007fee400000,0x0000007fee500000)]

Stack: [0x0000007fee400000,0x0000007fee500000]
Native frames: (J=compiled Java code, j=interpreted, Vv=VM code, C=native code)
V  [jvm.dll+0x5870b8]
V  [jvm.dll+0x69c0ee]
V  [jvm.dll+0x69d00a]
V  [jvm.dll+0x69d643]
V  [jvm.dll+0x21d148]
V  [jvm.dll+0x584bf4]
V  [jvm.dll+0x57a005]
V  [jvm.dll+0x2cd46b]
V  [jvm.dll+0x2cd3d3]
V  [jvm.dll+0x2cd2a2]
V  [jvm.dll+0x2cf2a3]
V  [jvm.dll+0x319203]
V  [jvm.dll+0x319916]
V  [jvm.dll+0x319303]
V  [jvm.dll+0x2adbf8]
V  [jvm.dll+0x2aee37]
V  [jvm.dll+0x67b1ed]
V  [jvm.dll+0x67c5ac]
V  [jvm.dll+0x3269c9]
V  [jvm.dll+0x6653ee]
V  [jvm.dll+0x391931]
V  [jvm.dll+0x3938e1]
C  [java.exe+0x34f1]
C  [java.exe+0xe24f]
C  [java.exe+0xe3f6]
C  [KERNEL32.DLL+0x17974]
C  [ntdll.dll+0x6a261]


---------------  P R O C E S S  ---------------

Java Threads: ( => current thread )

Other Threads:
  0x000001f01984b800 GCTaskThread "GC Thread#0" [stack: 0x0000007fee500000,0x0000007fee600000] [id=6140]
  0x000001f01984d000 GCTaskThread "GC Thread#1" [stack: 0x0000007fee600000,0x0000007fee700000] [id=17544]
  0x000001f01984e800 GCTaskThread "GC Thread#2" [stack: 0x0000007fee700000,0x0000007fee800000] [id=15480]
  0x000001f019852000 GCTaskThread "GC Thread#3" [stack: 0x0000007fee800000,0x0000007fee900000] [id=16392]
  0x000001f019854000 GCTaskThread "GC Thread#4" [stack: 0x0000007fee900000,0x0000007feea00000] [id=17168]
  0x000001f019860000 GCTaskThread "GC Thread#5" [stack: 0x0000007feea00000,0x0000007feeb00000] [id=9076]
  0x000001f019862000 GCTaskThread "GC Thread#6" [stack: 0x0000007feeb00000,0x0000007feec00000] [id=7116]
  0x000001f019867800 GCTaskThread "GC Thread#7" [stack: 0x0000007feec00000,0x0000007feed00000] [id=4448]
  0x000001f0198d3800 ConcurrentGCThread "G1 Main Marker" [stack: 0x0000007fef600000,0x0000007fef700000] [id=13320]
  0x000001f0198d4800 ConcurrentGCThread "G1 Marker#0" [stack: 0x0000007fef700000,0x0000007fef800000] [id=10908]
  0x000001f0198d5000 ConcurrentGCThread "G1 Marker#1" [stack: 0x0000007fef800000,0x0000007fef900000] [id=280]
  0x000001f019875800 ConcurrentGCThread "G1 Refine#0" [stack: 0x0000007fef400000,0x0000007fef500000] [id=14152]
  0x000001f019874800 ConcurrentGCThread "G1 Refine#1" [stack: 0x0000007fef300000,0x0000007fef400000] [id=19272]
  0x000001f01987b800 ConcurrentGCThread "G1 Refine#2" [stack: 0x0000007fef200000,0x0000007fef300000] [id=5620]
  0x000001f019876800 ConcurrentGCThread "G1 Refine#3" [stack: 0x0000007fef100000,0x0000007fef200000] [id=6780]
  0x000001f019874000 ConcurrentGCThread "G1 Refine#4" [stack: 0x0000007fef000000,0x0000007fef100000] [id=8808]
  0x000001f019870000 ConcurrentGCThread "G1 Refine#5" [stack: 0x0000007feef00000,0x0000007fef000000] [id=13900]
  0x000001f01986a800 ConcurrentGCThread "G1 Refine#6" [stack: 0x0000007feee00000,0x0000007feef00000] [id=7940]
  0x000001f019869800 ConcurrentGCThread "G1 Refine#7" [stack: 0x0000007feed00000,0x0000007feee00000] [id=15860]
  0x000001f019887800 ConcurrentGCThread "G1 Young RemSet Sampling" [stack: 0x0000007fef500000,0x0000007fef600000] [id=19096]

=>0x000001f019833800 (exited) JavaThread "Unknown thread" [_thread_in_vm, id=11784, stack(0x0000007fee400000,0x0000007fee500000)]

Threads with active compile tasks:

VM state:not at safepoint (not fully initialized)

VM Mutex/Monitor currently owned by a thread:  ([mutex/lock_event])
[0x000001f019831bb0] Heap_lock - owner thread: 0x000001f019833800

Heap address: 0x00000006c5e00000, size: 4002 MB, Compressed Oops mode: Non-zero based: 0x00000006c5e00000
Narrow klass base: 0x0000000000000000, Narrow klass shift: 0

GC Heap History (0 events):
No events

Deoptimization events (0 events):
No events

Classes redefined (0 events):
No events

Internal exceptions (0 events):
No events

Events (0 events):
No events


Dynamic libraries:
0x00007ff645c30000 - 0x00007ff645c6e000 	C:\Program Files\Java\jdk-9.0.1\bin\java.exe
0x00007ffba6530000 - 0x00007ffba671d000 	C:\WINDOWS\SYSTEM32\ntdll.dll
0x00007ffba3790000 - 0x00007ffba3843000 	C:\WINDOWS\System32\KERNEL32.DLL
0x00007ffba3460000 - 0x00007ffba36f3000 	C:\WINDOWS\System32\KERNELBASE.dll
0x00007ffba5d70000 - 0x00007ffba5e13000 	C:\WINDOWS\System32\ADVAPI32.dll
0x00007ffba63a0000 - 0x00007ffba643e000 	C:\WINDOWS\System32\msvcrt.dll
0x00007ffba5e20000 - 0x00007ffba5ebe000 	C:\WINDOWS\System32\sechost.dll
0x00007ffba4e80000 - 0x00007ffba4fa2000 	C:\WINDOWS\System32\RPCRT4.dll
0x00007ffba5ec0000 - 0x00007ffba6057000 	C:\WINDOWS\System32\USER32.dll
0x00007ffba2c70000 - 0x00007ffba2c90000 	C:\WINDOWS\System32\win32u.dll
0x00007ffba6440000 - 0x00007ffba6469000 	C:\WINDOWS\System32\GDI32.dll
0x00007ffba27c0000 - 0x00007ffba2959000 	C:\WINDOWS\System32\gdi32full.dll
0x00007ffba2720000 - 0x00007ffba27c0000 	C:\WINDOWS\System32\msvcp_win.dll
0x00007ffba2620000 - 0x00007ffba271a000 	C:\WINDOWS\System32\ucrtbase.dll
0x00007ffb8ea60000 - 0x00007ffb8ecd9000 	C:\WINDOWS\WinSxS\amd64_microsoft.windows.common-controls_6595b64144ccf1df_6.0.17763.1039_none_de701650534c7021\COMCTL32.dll
0x00007ffba5900000 - 0x00007ffba5c2c000 	C:\WINDOWS\System32\combase.dll
0x00007ffb94430000 - 0x00007ffb9443a000 	C:\WINDOWS\SYSTEM32\VERSION.dll
0x00007ffba33e0000 - 0x00007ffba345e000 	C:\WINDOWS\System32\bcryptPrimitives.dll
0x00007ffba5850000 - 0x00007ffba587e000 	C:\WINDOWS\System32\IMM32.DLL
0x00007ffb689a0000 - 0x00007ffb68a8f000 	C:\Program Files\Java\jdk-9.0.1\bin\msvcr120.dll
0x00007ffb688f0000 - 0x00007ffb68996000 	C:\Program Files\Java\jdk-9.0.1\bin\msvcp120.dll
0x0000000071740000 - 0x0000000072164000 	C:\Program Files\Java\jdk-9.0.1\bin\server\jvm.dll
0x00007ffba6390000 - 0x00007ffba6398000 	C:\WINDOWS\System32\PSAPI.DLL
0x00007ffb87330000 - 0x00007ffb87339000 	C:\WINDOWS\SYSTEM32\WSOCK32.dll
0x00007ffb9f590000 - 0x00007ffb9f5b4000 	C:\WINDOWS\SYSTEM32\WINMM.dll
0x00007ffba5d00000 - 0x00007ffba5d6d000 	C:\WINDOWS\System32\WS2_32.dll
0x00007ffb9eef0000 - 0x00007ffb9ef1d000 	C:\WINDOWS\SYSTEM32\WINMMBASE.dll
0x00007ffba2b70000 - 0x00007ffba2bba000 	C:\WINDOWS\System32\cfgmgr32.dll
0x00007ffb8e960000 - 0x00007ffb8e96f000 	C:\Program Files\Java\jdk-9.0.1\bin\verify.dll
0x00007ffb71c00000 - 0x00007ffb71c27000 	C:\Program Files\Java\jdk-9.0.1\bin\java.dll
0x00007ffb778f0000 - 0x00007ffb77906000 	C:\Program Files\Java\jdk-9.0.1\bin\zip.dll
0x00007ffb8e8b0000 - 0x00007ffb8e8ba000 	C:\Program Files\Java\jdk-9.0.1\bin\jimage.dll
0x00007ffba0e60000 - 0x00007ffba104d000 	C:\WINDOWS\SYSTEM32\dbghelp.dll

VM Arguments:
jvm_args: -Dfile.encoding=UTF-8 
java_command: Main
java_class_path (initial): C:\Users\tab65\AppData\Local\Temp\cp_a3545bz0vyadudmd41eoi49vc.jar
Launcher Type: SUN_STANDARD

Logging:
Log output configuration:
#0: stdout all=warning uptime,level,tags
#1: stderr all=off uptime,level,tags

Environment Variables:
JAVA_HOME=c:\Program Files\Java\jdk-9.0.1
CLASSPATH=c:\Program Files\Java\jdk-9.0.1
PATH=C:\ProgramData\Oracle\Java\javapath;c:\program files (x86)\imagemagick-6.3.3-q16;C:\Program Files (x86)\Business Objects\BusinessObjects Enterprise 12.0\win32_x86\;C:\Program Files (x86)\Nice Systems\NICE Player Codec Pack\;C:\Windows\system32;C:\Windows;C:\Windows\System32\Wbem;C:\Windows\System32\WindowsPowerShell\v1.0\;C:\Program Files (x86)\NICE Systems\Process Optimization\Bin\;C:\Program Files (x86)\IBM\Informix\Client-SDK\bin;C:\Program Files (x86)\ibm\gsk7\bin;C:\Program Files (x86)\ibm\gsk7\lib;C:\WINDOWS\system32;C:\WINDOWS;C:\WINDOWS\System32\Wbem;C:\WINDOWS\System32\WindowsPowerShell\v1.0\;C:\WINDOWS\System32\OpenSSH\;C:\Program Files (x86)\Kaspersky Lab\Kaspersky Endpoint Security 10 for Windows SP2\;C:\Program Files (x86)\Microsoft SQL Server\100\Tools\Binn\VSShell\Common7\IDE\;C:\Program Files (x86)\Microsoft SQL Server\100\Tools\Binn\;C:\Program Files\Microsoft SQL Server\100\Tools\Binn\;C:\Program Files (x86)\Microsoft Visual Studio 9.0\Common7\IDE\PrivateAssemblies\;C:\Program Files (x86)\Microsoft SQL Server\100\DTS\Binn\;C:\Program Files\Intel\WiFi\bin\;C:\Program Files\Common Files\Intel\WirelessCommon\;C:\Program Files (x86)\Intel\Intel(R) Management Engine Components\DAL;C:\Program Files\Intel\Intel(R) Management Engine Components\DAL;C:\Program Files\nodejs\;C:\Program Files\Git\cmd;C:\Program Files\Docker\Docker\resources\bin;C:\ProgramData\DockerDesktop\version-bin;C:\Users\tab65\AppData\Local\Microsoft\WindowsApps;C:\Program Files\Microsoft VS Code\bin;c:\Oracle\instantclient_11_2;c:\Oracle\InstantClient_10_2x32;c:\Program Files\Java\jdk1.7.0_80\bin;c:\Program Files\Java\jdk1.7.0_80\lib;c:\Program Files\Java\jdk-9.0.1\bin\;C:\Users\tab65\AppData\Roaming\npm;C:\Program Files\JetBrains\IntelliJ IDEA 2019.3.2\bin
USERNAME=tab65
OS=Windows_NT
PROCESSOR_IDENTIFIER=Intel64 Family 6 Model 142 Stepping 10, GenuineIntel



---------------  S Y S T E M  ---------------

OS: Windows 10 , 64 bit Build 17763 (10.0.17763.475)

CPU:total 8 (initial active 8) (4 cores per cpu, 2 threads per core) family 6 model 142 stepping 10, cmov, cx8, fxsr, mmx, sse, sse2, sse3, ssse3, sse4.1, sse4.2, popcnt, avx, avx2, aes, clmul, erms, 3dnowpref, lzcnt, ht, tsc, tscinvbit, bmi1, bmi2, adx, fma

Memory: 4k page, physical 16390284k(2182168k free), swap 16390284k(147744k free)

vm_info: Java HotSpot(TM) 64-Bit Server VM (9.0.1+11) for windows-amd64 JRE (9.0.1+11), built on Sep 28 2017 04:54:03 by "mach5one" with MS VC++ 12.0 (VS2013)

END.
